<?xml version="1.0" encoding="UTF-8"?>
<!-- Generated by org.testng.reporters.JUnitXMLReporter -->
<testsuite hostname="DESKTOP-J838PBO" ignored="0" name="Default test" tests="3" failures="0" timestamp="28 Jan 2018 16:48:00 GMT" time="6.634" errors="0">
  <testcase name="postTweet" time="4.615" classname="com.restApiFrameWork.TestCases.TwitterE2EwithFrameWork"/>
  <testcase name="readTweet" time="0.601" classname="com.restApiFrameWork.TestCases.TwitterE2EwithFrameWork"/>
  <testcase name="deleteTweet" time="0.61" classname="com.restApiFrameWork.TestCases.TwitterE2EwithFrameWork"/>
</testsuite> <!-- Default test -->
