<?xml version="1.0" encoding="UTF-8"?>
<testng-results skipped="0" failed="0" ignored="0" total="3" passed="3">
  <reporter-output>
  </reporter-output>
  <suite name="Default suite" duration-ms="6634" started-at="2018-01-28T16:47:53Z" finished-at="2018-01-28T16:48:00Z">
    <groups>
    </groups>
    <test name="Default test" duration-ms="6634" started-at="2018-01-28T16:47:53Z" finished-at="2018-01-28T16:48:00Z">
      <class name="com.restApiFrameWork.TestCases.TwitterE2EwithFrameWork">
        <test-method status="PASS" signature="beforeClass()[pri:0, instance:com.restApiFrameWork.TestCases.TwitterE2EwithFrameWork@4c70fda8]" name="beforeClass" is-config="true" duration-ms="751" started-at="2018-01-28T22:17:53Z" finished-at="2018-01-28T22:17:54Z">
          <reporter-output>
          </reporter-output>
        </test-method> <!-- beforeClass -->
        <test-method status="PASS" signature="postTweet()[pri:0, instance:com.restApiFrameWork.TestCases.TwitterE2EwithFrameWork@4c70fda8]" name="postTweet" duration-ms="4615" started-at="2018-01-28T22:17:54Z" finished-at="2018-01-28T22:17:59Z">
          <reporter-output>
          </reporter-output>
        </test-method> <!-- postTweet -->
        <test-method status="PASS" signature="readTweet()[pri:0, instance:com.restApiFrameWork.TestCases.TwitterE2EwithFrameWork@4c70fda8]" name="readTweet" duration-ms="601" started-at="2018-01-28T22:17:59Z" depends-on-methods="com.restApiFrameWork.TestCases.TwitterE2EwithFrameWork.postTweet" finished-at="2018-01-28T22:17:59Z">
          <reporter-output>
          </reporter-output>
        </test-method> <!-- readTweet -->
        <test-method status="PASS" signature="deleteTweet()[pri:0, instance:com.restApiFrameWork.TestCases.TwitterE2EwithFrameWork@4c70fda8]" name="deleteTweet" duration-ms="610" started-at="2018-01-28T22:17:59Z" depends-on-methods="com.restApiFrameWork.TestCases.TwitterE2EwithFrameWork.readTweet" finished-at="2018-01-28T22:18:00Z">
          <reporter-output>
          </reporter-output>
        </test-method> <!-- deleteTweet -->
      </class> <!-- com.restApiFrameWork.TestCases.TwitterE2EwithFrameWork -->
    </test> <!-- Default test -->
  </suite> <!-- Default suite -->
</testng-results>
