<?xml version="1.0" encoding="UTF-8"?>
<testng-results skipped="0" failed="0" ignored="0" total="1" passed="1">
  <reporter-output>
  </reporter-output>
  <suite name="Default suite" duration-ms="3710" started-at="2018-01-28T14:06:01Z" finished-at="2018-01-28T14:06:05Z">
    <groups>
    </groups>
    <test name="Default test" duration-ms="3710" started-at="2018-01-28T14:06:01Z" finished-at="2018-01-28T14:06:05Z">
      <class name="com.restApiFrameWork.statuses.UserTimeLineTest">
        <test-method status="PASS" signature="settingUp()[pri:0, instance:com.restApiFrameWork.statuses.UserTimeLineTest@4c70fda8]" name="settingUp" is-config="true" duration-ms="736" started-at="2018-01-28T19:36:01Z" finished-at="2018-01-28T19:36:02Z">
          <reporter-output>
          </reporter-output>
        </test-method> <!-- settingUp -->
        <test-method status="PASS" signature="readTweet()[pri:0, instance:com.restApiFrameWork.statuses.UserTimeLineTest@4c70fda8]" name="readTweet" duration-ms="2952" started-at="2018-01-28T19:36:02Z" finished-at="2018-01-28T19:36:05Z">
          <reporter-output>
          </reporter-output>
        </test-method> <!-- readTweet -->
      </class> <!-- com.restApiFrameWork.statuses.UserTimeLineTest -->
    </test> <!-- Default test -->
  </suite> <!-- Default suite -->
</testng-results>
